22:05:53.268 [upwork_poller] I: Successfully processed job 123
22:05:53.270 [upwork_poller] E: Error processing job error_job: Test error
22:05:53.271 [upwork_poller] E: Failed to load profile from nonexistent_profile.md: [Errno 2] No such file or directory: 'nonexistent_profile.md'
22:05:53.272 [upwork_poller] I: Performing daily cleanup of old job data...
22:05:53.275 [upwork_poller] I: Starting Upwork poller for query: test
22:05:53.275 [upwork_poller] I: Polling for new jobs...
22:06:21.685 [upwork_poller] I: Successfully processed job 123
22:06:30.557 [upwork_poller] I: Successfully processed job 456
22:06:30.558 [upwork_poller] I: Sleeping for 1 seconds...
22:06:31.575 [upwork_poller] I: Shutdown signal received, stopping poller...
22:06:31.576 [upwork_poller] I: Shutdown signal received, stopping poller...
22:13:43.920 [upwork_poller] I: Successfully processed job 123
22:13:43.922 [upwork_poller] E: Error processing job error_job: Test error
22:13:43.923 [upwork_poller] E: Failed to load profile from nonexistent_profile.md: [Errno 2] No such file or directory: 'nonexistent_profile.md'
22:13:43.924 [upwork_poller] I: Performing daily cleanup of old job data...
22:13:43.927 [upwork_poller] I: Starting Upwork poller for query: test
22:13:43.927 [upwork_poller] I: Polling for new jobs...
22:14:15.570 [upwork_poller] I: Successfully processed job 123
22:14:24.483 [upwork_poller] I: Successfully processed job 456
22:14:24.487 [upwork_poller] I: Sleeping for 1 seconds...
22:14:25.500 [upwork_poller] I: Shutdown signal received, stopping poller...
22:14:25.500 [upwork_poller] I: Shutdown signal received, stopping poller...
22:31:52.272 [upwork_poller] I: Successfully sent webhook notification for job 123
22:31:52.274 [upwork_poller] I: Successfully processed job 123
22:31:52.276 [upwork_poller] I: Successfully processed job 456
22:32:18.476 [upwork_poller] I: Shutdown signal received, stopping poller...
22:33:25.309 [upwork_poller] I: Successfully sent webhook notification for job 123
22:33:25.309 [upwork_poller] I: Successfully processed job 123
22:33:25.310 [upwork_poller] I: Successfully processed job 456
22:33:25.312 [upwork_poller] E: Error processing job error_job: Test error
22:33:25.345 [upwork_poller] E: Failed to load profile from nonexistent_profile.md: [Errno 2] No such file or directory: 'nonexistent_profile.md'
22:33:25.350 [upwork_poller] I: Performing daily cleanup of old job data...
22:33:25.353 [upwork_poller] I: Starting Upwork poller for query: test
22:33:25.353 [upwork_poller] I: Polling for new jobs...
22:33:29.108 [upwork_poller] I: Shutdown signal received, stopping poller...
22:34:49.563 [upwork_poller] I: Successfully sent webhook notification for job 123
22:34:49.563 [upwork_poller] I: Successfully processed job 123
22:34:49.564 [upwork_poller] I: Successfully processed job 456
22:34:49.567 [upwork_poller] E: Error processing job error_job: Test error
22:34:49.607 [upwork_poller] E: Failed to load profile from nonexistent_profile.md: [Errno 2] No such file or directory: 'nonexistent_profile.md'
22:34:49.613 [upwork_poller] I: Performing daily cleanup of old job data...
22:34:49.616 [upwork_poller] I: Starting Upwork poller for query: test
22:34:49.616 [upwork_poller] I: Polling for new jobs...
22:34:55.358 [upwork_poller] I: Shutdown signal received, stopping poller...
22:36:30.795 [upwork_poller] I: Starting Upwork poller for query: AI agent Developer
22:36:30.795 [upwork_poller] I: Polling for new jobs...
22:40:16.960 [upwork_poller] I: Successfully processed job 0
22:40:37.441 [upwork_poller] E: Failed to send webhook notification: 404 Client Error: Not Found for url: https://n8n.fy.studio/webhook-test/a9a844f3-d651-4413-8bf3-820c6877b153
22:40:37.444 [upwork_poller] I: Successfully processed job 1
22:40:50.318 [upwork_poller] E: Failed to send webhook notification: 404 Client Error: Not Found for url: https://n8n.fy.studio/webhook-test/a9a844f3-d651-4413-8bf3-820c6877b153
22:40:50.319 [upwork_poller] I: Successfully processed job 2
22:41:03.614 [upwork_poller] I: Shutdown signal received, stopping poller...
22:41:12.459 [upwork_poller] E: Failed to send webhook notification: 404 Client Error: Not Found for url: https://n8n.fy.studio/webhook-test/a9a844f3-d651-4413-8bf3-820c6877b153
22:41:12.461 [upwork_poller] I: Successfully processed job 3
22:41:21.531 [upwork_poller] I: Shutdown signal received, stopping poller...
22:41:23.352 [upwork_poller] I: Shutdown signal received, stopping poller...
22:41:23.959 [upwork_poller] I: Shutdown signal received, stopping poller...
22:41:24.650 [upwork_poller] I: Successfully processed job 4
22:41:25.474 [upwork_poller] I: Shutdown signal received, stopping poller...
22:41:25.679 [upwork_poller] I: Shutdown signal received, stopping poller...
22:41:25.881 [upwork_poller] I: Shutdown signal received, stopping poller...
22:41:26.084 [upwork_poller] I: Shutdown signal received, stopping poller...
22:41:26.286 [upwork_poller] I: Shutdown signal received, stopping poller...
22:41:26.488 [upwork_poller] I: Shutdown signal received, stopping poller...
22:41:26.706 [upwork_poller] I: Shutdown signal received, stopping poller...
22:41:26.922 [upwork_poller] I: Shutdown signal received, stopping poller...
22:41:39.852 [upwork_poller] I: Successfully processed job 5
22:41:52.169 [upwork_poller] E: Failed to send webhook notification: 404 Client Error: Not Found for url: https://n8n.fy.studio/webhook-test/a9a844f3-d651-4413-8bf3-820c6877b153
22:41:52.171 [upwork_poller] I: Successfully processed job 6
22:42:06.542 [upwork_poller] E: Failed to send webhook notification: 404 Client Error: Not Found for url: https://n8n.fy.studio/webhook-test/a9a844f3-d651-4413-8bf3-820c6877b153
22:42:06.543 [upwork_poller] I: Successfully processed job 7
22:42:29.844 [upwork_poller] E: Failed to send webhook notification: 404 Client Error: Not Found for url: https://n8n.fy.studio/webhook-test/a9a844f3-d651-4413-8bf3-820c6877b153
22:42:29.871 [upwork_poller] I: Successfully processed job 8
22:42:40.864 [upwork_poller] I: Successfully processed job 9
22:42:40.867 [upwork_poller] I: Sleeping for 480 seconds...
22:42:51.035 [upwork_poller] I: Shutdown signal received, stopping poller...
22:42:52.708 [upwork_poller] I: Shutdown signal received, stopping poller...
22:42:52.869 [upwork_poller] I: Shutdown signal received, stopping poller...
22:42:53.048 [upwork_poller] I: Shutdown signal received, stopping poller...
22:42:53.225 [upwork_poller] I: Shutdown signal received, stopping poller...
22:42:53.405 [upwork_poller] I: Shutdown signal received, stopping poller...
22:42:53.627 [upwork_poller] I: Shutdown signal received, stopping poller...
{{"timestamp": "2025-01-09 09:02:48.122", "level": "INFO", "logger": "upwork_poller", "message": "Starting Upwork poller for query: AI agent Developer"}}
